<?xml version="1.0" encoding="UTF-8"?>
<!-- Generated by org.testng.reporters.JUnitReportReporter -->
<testsuite hostname="ASDW0044" name="com.test.attempt.LoginTest" tests="1" failures="0" timestamp="18 May 2016 11:33:17 GMT" time="7.902" errors="0">
  <testcase name="loginUser" time="7.902" classname="com.test.attempt.LoginTest"/>
</testsuite> <!-- com.test.attempt.LoginTest -->
