<?xml version="1.0" encoding="UTF-8"?>
<!-- Generated by org.testng.reporters.JUnitReportReporter -->
<testsuite hostname="host1" name="com.test.skytap.T_SecurityPolicyTest" tests="7" failures="0" timestamp="1 Aug 2016 07:00:53 GMT" time="0.006" errors="0">
  <testcase name="RequireBrowserActivation" time="0.000" classname="com.test.skytap.T_SecurityPolicyTest"/>
  <testcase name="PURLAccessOutside" time="0.001" classname="com.test.skytap.T_SecurityPolicyTest"/>
  <testcase name="userOnlyAbleToLoginBetweenMinMaxIP" time="0.000" classname="com.test.skytap.T_SecurityPolicyTest"/>
  <testcase name="AllowAccessViaSkytapVMs" time="0.002" classname="com.test.skytap.T_SecurityPolicyTest"/>
  <testcase name="LoggedInUserIsAbleToAccessWhenSecurityIsApplied" time="0.001" classname="com.test.skytap.T_SecurityPolicyTest"/>
  <testcase name="LockOutPeriod" time="0.002" classname="com.test.skytap.T_SecurityPolicyTest"/>
  <testcase name="RequireSecurityToken" time="0.000" classname="com.test.skytap.T_SecurityPolicyTest"/>
</testsuite> <!-- com.test.skytap.T_SecurityPolicyTest -->
