<?xml version="1.0" encoding="UTF-8"?>
<!-- Generated by org.testng.reporters.JUnitReportReporter -->
<testsuite hostname="host-1" name="com.test.skytap.L_PublishedServicesTest" tests="2" failures="0" timestamp="13 Oct 2016 11:43:40 GMT" time="27.603" errors="0">
  <testcase name="addByName" time="13.851" classname="com.test.skytap.L_PublishedServicesTest"/>
  <testcase name="addByPort" time="13.752" classname="com.test.skytap.L_PublishedServicesTest"/>
</testsuite> <!-- com.test.skytap.L_PublishedServicesTest -->
