<?xml version="1.0" encoding="UTF-8"?>
<!-- Generated by org.testng.reporters.JUnitReportReporter -->
<testsuite hostname="host-1" name="com.test.skytap.J_HelpPagesTest" tests="2" failures="0" timestamp="13 Oct 2016 11:43:40 GMT" time="4.197" errors="0">
  <testcase name="adminTab" time="3.360" classname="com.test.skytap.J_HelpPagesTest"/>
  <testcase name="superTab" time="0.837" classname="com.test.skytap.J_HelpPagesTest"/>
</testsuite> <!-- com.test.skytap.J_HelpPagesTest -->
