<?xml version="1.0" encoding="UTF-8"?>
<!-- Generated by org.testng.reporters.JUnitReportReporter -->
<testsuite hostname="host-1" name="com.test.skytap.A_SuperUserTest" tests="2" failures="0" timestamp="13 Oct 2016 11:43:40 GMT" time="76.855" errors="0">
  <testcase name="createCustomer" time="55.646" classname="com.test.skytap.A_SuperUserTest"/>
  <testcase name="createAdminUser" time="21.209" classname="com.test.skytap.A_SuperUserTest"/>
</testsuite> <!-- com.test.skytap.A_SuperUserTest -->
