<?xml version="1.0" encoding="UTF-8"?>
<!-- Generated by org.testng.reporters.JUnitReportReporter -->
<testsuite hostname="host-1" name="com.test.skytap.Y_DeleteResourcesTest" tests="4" failures="0" timestamp="13 Oct 2016 11:43:40 GMT" time="55.342" errors="0">
  <testcase name="deleteAllImports" time="20.009" classname="com.test.skytap.Y_DeleteResourcesTest"/>
  <testcase name="deleteAllEnvironments" time="10.484" classname="com.test.skytap.Y_DeleteResourcesTest"/>
  <testcase name="deleteAllExports" time="13.373" classname="com.test.skytap.Y_DeleteResourcesTest"/>
  <testcase name="deleteAllTemplates" time="11.476" classname="com.test.skytap.Y_DeleteResourcesTest"/>
</testsuite> <!-- com.test.skytap.Y_DeleteResourcesTest -->
