<?xml version="1.0" encoding="UTF-8"?>
<!-- Generated by org.testng.reporters.JUnitReportReporter -->
<testsuite hostname="host-1" name="com.test.skytap.S_VPNTest" tests="10" failures="0" timestamp="13 Oct 2016 11:43:40 GMT" time="314.809" errors="0">
  <testcase name="deleteEnvironment" time="53.620" classname="com.test.skytap.S_VPNTest"/>
  <testcase name="testVPN2" time="23.414" classname="com.test.skytap.S_VPNTest"/>
  <testcase name="createVPN2" time="19.672" classname="com.test.skytap.S_VPNTest"/>
  <testcase name="createVPN1" time="14.132" classname="com.test.skytap.S_VPNTest"/>
  <testcase name="connectVPNs" time="18.123" classname="com.test.skytap.S_VPNTest"/>
  <testcase name="fetchPIP" time="88.614" classname="com.test.skytap.S_VPNTest"/>
  <testcase name="createRunEnviornments" time="34.838" classname="com.test.skytap.S_VPNTest"/>
  <testcase name="releasePIP" time="10.704" classname="com.test.skytap.S_VPNTest"/>
  <testcase name="testVPN1" time="22.993" classname="com.test.skytap.S_VPNTest"/>
  <testcase name="deleteVPN" time="28.699" classname="com.test.skytap.S_VPNTest"/>
</testsuite> <!-- com.test.skytap.S_VPNTest -->
