<?xml version="1.0" encoding="UTF-8"?>
<!-- Generated by org.testng.reporters.JUnitReportReporter -->
<testsuite hostname="DESKTOP-M8U4K6K" name="com.test.skytap.AdminTest" tests="1" failures="0" timestamp="2 Jun 2016 19:05:35 GMT" time="21.270" errors="0">
  <testcase name="dep" time="21.270" classname="com.test.skytap.AdminTest"/>
</testsuite> <!-- com.test.skytap.AdminTest -->
