<?xml version="1.0" encoding="UTF-8"?>
<!-- Generated by org.testng.reporters.JUnitReportReporter -->
<testsuite hostname="host-1" name="com.test.skytap.R_ConnectivityTest" tests="1" failures="0" timestamp="13 Oct 2016 11:43:40 GMT" time="7.253" errors="0">
  <testcase name="connectivity" time="7.253" classname="com.test.skytap.R_ConnectivityTest"/>
</testsuite> <!-- com.test.skytap.R_ConnectivityTest -->
