<?xml version="1.0" encoding="UTF-8"?>
<!-- Generated by org.testng.reporters.JUnitReportReporter -->
<testsuite hostname="host-1" name="com.test.skytap.B_AdminUserTest" tests="5" failures="0" timestamp="13 Oct 2016 11:43:40 GMT" time="178.496" errors="0">
  <testcase name="createAdminUser" time="118.945" classname="com.test.skytap.B_AdminUserTest"/>
  <testcase name="createNonAdminUser" time="34.201" classname="com.test.skytap.B_AdminUserTest"/>
  <testcase name="deleteNonAdminUser" time="3.913" classname="com.test.skytap.B_AdminUserTest"/>
  <testcase name="deleteAdminUser" time="3.673" classname="com.test.skytap.B_AdminUserTest"/>
  <testcase name="deleteCustomer" time="17.764" classname="com.test.skytap.B_AdminUserTest"/>
</testsuite> <!-- com.test.skytap.B_AdminUserTest -->
