<?xml version="1.0" encoding="UTF-8"?>
<!-- Generated by org.testng.reporters.JUnitReportReporter -->
<testsuite hostname="DESKTOP-M8U4K6K" name="com.test.skytap.LoginTest" tests="1" failures="0" timestamp="13 Jun 2016 15:56:00 GMT" time="19.433" errors="0">
  <testcase name="loginUser" time="19.433" classname="com.test.skytap.LoginTest"/>
</testsuite> <!-- com.test.skytap.LoginTest -->
