<?xml version="1.0" encoding="UTF-8"?>
<!-- Generated by org.testng.reporters.JUnitReportReporter -->
<testsuite hostname="host-1" name="com.test.skytap.K_SharingPortalTest" tests="9" failures="0" timestamp="13 Oct 2016 11:43:40 GMT" time="194.541" errors="0">
  <testcase name="createSharingPortal" time="6.744" classname="com.test.skytap.K_SharingPortalTest"/>
  <testcase name="passwordPortalSingleVM" time="12.746" classname="com.test.skytap.K_SharingPortalTest"/>
  <testcase name="AccessISTMultipleVM" time="7.750" classname="com.test.skytap.K_SharingPortalTest"/>
  <testcase name="AccessISTSingleVM" time="8.219" classname="com.test.skytap.K_SharingPortalTest"/>
  <testcase name="powerActionsSingleVM" time="64.987" classname="com.test.skytap.K_SharingPortalTest"/>
  <testcase name="powerActionsMultipleVM" time="57.722" classname="com.test.skytap.K_SharingPortalTest"/>
  <testcase name="noPasswordPortalSingleVM" time="3.885" classname="com.test.skytap.K_SharingPortalTest"/>
  <testcase name="passwordPortalMultipleVM" time="12.383" classname="com.test.skytap.K_SharingPortalTest"/>
  <testcase name="noPasswordPortalMultipleVM" time="20.105" classname="com.test.skytap.K_SharingPortalTest"/>
</testsuite> <!-- com.test.skytap.K_SharingPortalTest -->
