<?xml version="1.0" encoding="UTF-8"?>
<!-- Generated by org.testng.reporters.JUnitReportReporter -->
<testsuite hostname="host-1" name="com.test.skytap.C_AssetsTest" tests="2" failures="0" timestamp="13 Oct 2016 11:43:40 GMT" time="23.962" errors="0">
  <testcase name="uploadAsset" time="19.459" classname="com.test.skytap.C_AssetsTest"/>
  <testcase name="deleteAsset" time="4.503" classname="com.test.skytap.C_AssetsTest"/>
</testsuite> <!-- com.test.skytap.C_AssetsTest -->
