<?xml version="1.0" encoding="UTF-8"?>
<!-- Generated by org.testng.reporters.JUnitReportReporter -->
<testsuite hostname="host-1" name="com.test.skytap.V_ScheduleTest" tests="3" failures="0" timestamp="13 Oct 2016 11:43:40 GMT" time="27.773" errors="0">
  <testcase name="createScheduleNonAdmin" time="22.037" classname="com.test.skytap.V_ScheduleTest"/>
  <testcase name="schedulesList" time="1.082" classname="com.test.skytap.V_ScheduleTest"/>
  <testcase name="createScheduleAdmin" time="4.654" classname="com.test.skytap.V_ScheduleTest"/>
</testsuite> <!-- com.test.skytap.V_ScheduleTest -->
