<?xml version="1.0" encoding="UTF-8"?>
<!-- Generated by org.testng.reporters.JUnitReportReporter -->
<testsuite hostname="host-1" name="com.test.skytap.D_ProjectsTest" tests="6" failures="0" timestamp="13 Oct 2016 11:43:40 GMT" time="58.954" errors="0">
  <testcase name="addTemplateToProject" time="4.512" classname="com.test.skytap.D_ProjectsTest"/>
  <testcase name="addEnvironmentToProject" time="44.098" classname="com.test.skytap.D_ProjectsTest"/>
  <testcase name="deleteProject" time="3.871" classname="com.test.skytap.D_ProjectsTest"/>
  <testcase name="addAssetToProject" time="2.218" classname="com.test.skytap.D_ProjectsTest"/>
  <testcase name="addUserToProject" time="1.789" classname="com.test.skytap.D_ProjectsTest"/>
  <testcase name="createProject" time="2.466" classname="com.test.skytap.D_ProjectsTest"/>
</testsuite> <!-- com.test.skytap.D_ProjectsTest -->
