<?xml version="1.0" encoding="UTF-8"?>
<!-- Generated by org.testng.reporters.JUnitReportReporter -->
<testsuite hostname="host-1" name="com.test.skytap.G_PIPTest" tests="2" failures="0" timestamp="13 Oct 2016 11:43:40 GMT" time="8.712" errors="0">
  <testcase name="fetchPIP" time="4.456" classname="com.test.skytap.G_PIPTest"/>
  <testcase name="releasePIP" time="4.256" classname="com.test.skytap.G_PIPTest"/>
</testsuite> <!-- com.test.skytap.G_PIPTest -->
